{"message":"MongoDB connected to mongodb://localhost:27017/vidly_tests","level":"info"}
{"level":"error","message":"id is not definedid is not defined","stack":"ReferenceError: id is not defined\n    at router.post (F:\\Programming\\Javascript\\mongo-demo\\routes\\movies.js:60:10)\n    at process._tickCallback (internal/process/next_tick.js:68:7)"}
{"message":"MongoDB connected to mongodb://localhost:27017/vidly_tests","level":"info"}
{"level":"error","message":"id is not definedid is not defined","stack":"ReferenceError: id is not defined\n    at router.post (F:\\Programming\\Javascript\\mongo-demo\\routes\\movies.js:59:10)\n    at process._tickCallback (internal/process/next_tick.js:68:7)"}
{"message":"MongoDB connected to mongodb://localhost:27017/vidly_tests","level":"info"}
{"message":"MongoDB connected to mongodb://localhost:27017/vidly_tests","level":"info"}
{"message":"MongoDB connected to mongodb://localhost:27017/vidly_tests","level":"info"}
{"message":"MongoDB connected to mongodb://localhost:27017/vidly","level":"info"}
{"message":"MongoDB connected to mongodb://localhost:27017/vidly","level":"info"}
{"message":"MongoDB connected to mongodb://localhost:27017/vidly","level":"info"}
{"message":"MongoDB connected to mongodb://localhost:27017/vidly","level":"info"}
{"message":"MongoDB connected to mongodb://localhost:27017/vidly","level":"info"}
{"message":"MongoDB connected to mongodb://localhost:27017/vidly","level":"info"}
{"message":"MongoDB connected to mongodb://localhost:27017/vidly","level":"info"}
{"message":"MongoDB connected to mongodb://localhost:27017/vidly","level":"info"}
{"message":"MongoDB connected to mongodb://localhost:27017/vidly","level":"info"}
{"level":"error","message":"result is not definedresult is not defined","stack":"ReferenceError: result is not defined\n    at router.post (F:\\Programming\\Javascript\\mongo-demo\\routes\\movies.js:70:17)\n    at process._tickCallback (internal/process/next_tick.js:68:7)"}
{"message":"MongoDB connected to mongodb://localhost:27017/vidly","level":"info"}
{"level":"error","message":"result is not definedresult is not defined","stack":"ReferenceError: result is not defined\n    at router.post (F:\\Programming\\Javascript\\mongo-demo\\routes\\movies.js:70:17)\n    at process._tickCallback (internal/process/next_tick.js:68:7)"}
{"message":"MongoDB connected to mongodb://localhost:27017/vidly","level":"info"}
{"message":"MongoDB connected to mongodb://localhost:27017/vidly","level":"info"}
{"errors":{"imdbRating":{"message":"Cast to Number failed for value \"NaN\" at path \"imdbRating\"","name":"CastError","stringValue":"\"NaN\"","kind":"Number","value":null,"path":"imdbRating","reason":{"message":"Cast to number failed for value \"NaN\" at path \"imdbRating\"","name":"CastError","stringValue":"\"NaN\"","kind":"number","value":null,"path":"imdbRating"}}},"_message":"movie validation failed","message":"movie validation failed: imdbRating: Cast to Number failed for value \"NaN\" at path \"imdbRating\"movie validation failed: imdbRating: Cast to Number failed for value \"NaN\" at path \"imdbRating\"","name":"ValidationError","level":"error","stack":"ValidationError: movie validation failed: imdbRating: Cast to Number failed for value \"NaN\" at path \"imdbRating\"\n    at new ValidationError (F:\\Programming\\Javascript\\mongo-demo\\node_modules\\mongoose\\lib\\error\\validation.js:30:11)\n    at model.Document.invalidate (F:\\Programming\\Javascript\\mongo-demo\\node_modules\\mongoose\\lib\\document.js:2292:32)\n    at model.$set (F:\\Programming\\Javascript\\mongo-demo\\node_modules\\mongoose\\lib\\document.js:1112:10)\n    at model._handleIndex (F:\\Programming\\Javascript\\mongo-demo\\node_modules\\mongoose\\lib\\document.js:877:14)\n    at model.$set (F:\\Programming\\Javascript\\mongo-demo\\node_modules\\mongoose\\lib\\document.js:821:22)\n    at model.Document (F:\\Programming\\Javascript\\mongo-demo\\node_modules\\mongoose\\lib\\document.js:124:12)\n    at model.Model (F:\\Programming\\Javascript\\mongo-demo\\node_modules\\mongoose\\lib\\model.js:92:12)\n    at new model (F:\\Programming\\Javascript\\mongo-demo\\node_modules\\mongoose\\lib\\model.js:4394:15)\n    at router.post (F:\\Programming\\Javascript\\mongo-demo\\routes\\movies.js:61:17)\n    at process._tickCallback (internal/process/next_tick.js:68:7)"}
{"message":"MongoDB connected to mongodb://localhost:27017/vidly","level":"info"}
{"errors":{"imdbRating":{"message":"Cast to Number failed for value \"NaN\" at path \"imdbRating\"","name":"CastError","stringValue":"\"NaN\"","kind":"Number","value":null,"path":"imdbRating","reason":{"message":"Cast to number failed for value \"NaN\" at path \"imdbRating\"","name":"CastError","stringValue":"\"NaN\"","kind":"number","value":null,"path":"imdbRating"}}},"_message":"movie validation failed","message":"movie validation failed: imdbRating: Cast to Number failed for value \"NaN\" at path \"imdbRating\"movie validation failed: imdbRating: Cast to Number failed for value \"NaN\" at path \"imdbRating\"","name":"ValidationError","level":"error","stack":"ValidationError: movie validation failed: imdbRating: Cast to Number failed for value \"NaN\" at path \"imdbRating\"\n    at new ValidationError (F:\\Programming\\Javascript\\mongo-demo\\node_modules\\mongoose\\lib\\error\\validation.js:30:11)\n    at model.Document.invalidate (F:\\Programming\\Javascript\\mongo-demo\\node_modules\\mongoose\\lib\\document.js:2292:32)\n    at model.$set (F:\\Programming\\Javascript\\mongo-demo\\node_modules\\mongoose\\lib\\document.js:1112:10)\n    at model._handleIndex (F:\\Programming\\Javascript\\mongo-demo\\node_modules\\mongoose\\lib\\document.js:877:14)\n    at model.$set (F:\\Programming\\Javascript\\mongo-demo\\node_modules\\mongoose\\lib\\document.js:821:22)\n    at model.Document (F:\\Programming\\Javascript\\mongo-demo\\node_modules\\mongoose\\lib\\document.js:124:12)\n    at model.Model (F:\\Programming\\Javascript\\mongo-demo\\node_modules\\mongoose\\lib\\model.js:92:12)\n    at new model (F:\\Programming\\Javascript\\mongo-demo\\node_modules\\mongoose\\lib\\model.js:4394:15)\n    at router.post (F:\\Programming\\Javascript\\mongo-demo\\routes\\movies.js:61:17)\n    at process._tickCallback (internal/process/next_tick.js:68:7)"}
{"message":"MongoDB connected to mongodb://localhost:27017/vidly","level":"info"}
{"message":"MongoDB connected to mongodb://localhost:27017/vidly","level":"info"}
{"message":"MongoDB connected to mongodb://localhost:27017/vidly","level":"info"}
{"message":"MongoDB connected to mongodb://localhost:27017/vidly","level":"info"}
{"message":"MongoDB connected to mongodb://localhost:27017/vidly","level":"info"}
{"message":"MongoDB connected to mongodb://localhost:27017/vidly","level":"info"}
{"message":"MongoDB connected to mongodb://localhost:27017/vidly","level":"info"}
{"message":"MongoDB connected to mongodb://localhost:27017/vidly","level":"info"}
{"message":"MongoDB connected to mongodb://localhost:27017/vidly","level":"info"}
{"message":"MongoDB connected to mongodb://localhost:27017/vidly","level":"info"}
{"message":"MongoDB connected to mongodb://localhost:27017/vidly","level":"info"}
{"message":"MongoDB connected to mongodb://localhost:27017/vidly","level":"info"}
{"message":"MongoDB connected to mongodb://localhost:27017/vidly","level":"info"}
{"message":"MongoDB connected to mongodb://localhost:27017/vidly","level":"info"}
{"statusCode":200,"body":{"Title":"Inception","Year":"2010","Rated":"PG-13","Released":"16 Jul 2010","Runtime":"148 min","Genre":"Action, Adventure, Sci-Fi, Thriller","Director":"Christopher Nolan","Writer":"Christopher Nolan","Actors":"Leonardo DiCaprio, Joseph Gordon-Levitt, Ellen Page, Tom Hardy","Plot":"A thief who steals corporate secrets through the use of dream-sharing technology is given the inverse task of planting an idea into the mind of a C.E.O.","Language":"English, Japanese, French","Country":"USA, UK","Awards":"Won 4 Oscars. Another 152 wins & 204 nominations.","Poster":"https://m.media-amazon.com/images/M/MV5BMjAxMzY3NjcxNF5BMl5BanBnXkFtZTcwNTI5OTM0Mw@@._V1_SX300.jpg","Ratings":[{"Source":"Internet Movie Database","Value":"8.8/10"},{"Source":"Rotten Tomatoes","Value":"87%"},{"Source":"Metacritic","Value":"74/100"}],"Metascore":"74","imdbRating":"8.8","imdbVotes":"1,861,700","imdbID":"tt1375666","Type":"movie","DVD":"07 Dec 2010","BoxOffice":"$292,568,851","Production":"Warner Bros. Pictures","Website":"http://inceptionmovie.warnerbros.com/","Response":"True"},"headers":{"accept-ranges":"bytes","access-control-allow-origin":"*","age":"10039","cache-control":"public, max-age=86400","cf-cache-status":"HIT","cf-ray":"512a33189930dd0a-SIN","content-type":"application/json; charset=utf-8","date":"Sat, 07 Sep 2019 16:53:34 GMT","expect-ct":"max-age=604800, report-uri=\"https://report-uri.cloudflare.com/cdn-cgi/beacon/expect-ct\"","expires":"Sun, 08 Sep 2019 16:53:34 GMT","last-modified":"Sat, 07 Sep 2019 14:06:15 GMT","server":"RapidAPI-1.0.31","set-cookie":["__cfduid=d8ebc9fbbe02a347c0ac7403ec8ef531a1567875214; expires=Sun, 06-Sep-20 16:53:34 GMT; path=/; domain=.omdbapi.com; HttpOnly"],"vary":"*","x-aspnet-version":"4.0.30319","x-powered-by":"ASP.NET","x-rapidapi-region":"AWS - ap-southeast-1","x-rapidapi-version":"1.0.31","x-ratelimit-requests-limit":"1000","x-ratelimit-requests-remaining":"921","content-length":"1066","connection":"Close"},"request":{"uri":{"protocol":"https:","slashes":true,"auth":null,"host":"movie-database-imdb-alternative.p.rapidapi.com","port":443,"hostname":"movie-database-imdb-alternative.p.rapidapi.com","hash":null,"search":"?i=tt1375666&r=json","query":"i=tt1375666&r=json","pathname":"/","path":"/?i=tt1375666&r=json","href":"https://movie-database-imdb-alternative.p.rapidapi.com/?i=tt1375666&r=json"},"method":"GET","headers":{"x-rapidapi-host":"movie-database-imdb-alternative.p.rapidapi.com","x-rapidapi-key":"fdb84c8221mshefff87fc0709190p12a8bdjsnad63e05a4231"}}}
{"message":"MongoDB connected to mongodb://localhost:27017/vidly","level":"info"}
{"statusCode":200,"body":{"Title":"Inception","Year":"2010","Rated":"PG-13","Released":"16 Jul 2010","Runtime":"148 min","Genre":"Action, Adventure, Sci-Fi, Thriller","Director":"Christopher Nolan","Writer":"Christopher Nolan","Actors":"Leonardo DiCaprio, Joseph Gordon-Levitt, Ellen Page, Tom Hardy","Plot":"A thief who steals corporate secrets through the use of dream-sharing technology is given the inverse task of planting an idea into the mind of a C.E.O.","Language":"English, Japanese, French","Country":"USA, UK","Awards":"Won 4 Oscars. Another 152 wins & 204 nominations.","Poster":"https://m.media-amazon.com/images/M/MV5BMjAxMzY3NjcxNF5BMl5BanBnXkFtZTcwNTI5OTM0Mw@@._V1_SX300.jpg","Ratings":[{"Source":"Internet Movie Database","Value":"8.8/10"},{"Source":"Rotten Tomatoes","Value":"87%"},{"Source":"Metacritic","Value":"74/100"}],"Metascore":"74","imdbRating":"8.8","imdbVotes":"1,861,700","imdbID":"tt1375666","Type":"movie","DVD":"07 Dec 2010","BoxOffice":"$292,568,851","Production":"Warner Bros. Pictures","Website":"http://inceptionmovie.warnerbros.com/","Response":"True"},"headers":{"accept-ranges":"bytes","access-control-allow-origin":"*","age":"10059","cache-control":"public, max-age=86400","cf-cache-status":"HIT","cf-ray":"512a33957a2dcc1c-SIN","content-type":"application/json; charset=utf-8","date":"Sat, 07 Sep 2019 16:53:54 GMT","expect-ct":"max-age=604800, report-uri=\"https://report-uri.cloudflare.com/cdn-cgi/beacon/expect-ct\"","expires":"Sun, 08 Sep 2019 16:53:54 GMT","last-modified":"Sat, 07 Sep 2019 14:06:15 GMT","server":"RapidAPI-1.0.31","set-cookie":["__cfduid=d2bf19ec7e012ba0ad237acc61a03303d1567875234; expires=Sun, 06-Sep-20 16:53:54 GMT; path=/; domain=.omdbapi.com; HttpOnly"],"vary":"*","x-aspnet-version":"4.0.30319","x-powered-by":"ASP.NET","x-rapidapi-region":"AWS - ap-southeast-1","x-rapidapi-version":"1.0.31","x-ratelimit-requests-limit":"1000","x-ratelimit-requests-remaining":"920","content-length":"1066","connection":"Close"},"request":{"uri":{"protocol":"https:","slashes":true,"auth":null,"host":"movie-database-imdb-alternative.p.rapidapi.com","port":443,"hostname":"movie-database-imdb-alternative.p.rapidapi.com","hash":null,"search":"?i=tt1375666&r=json","query":"i=tt1375666&r=json","pathname":"/","path":"/?i=tt1375666&r=json","href":"https://movie-database-imdb-alternative.p.rapidapi.com/?i=tt1375666&r=json"},"method":"GET","headers":{"x-rapidapi-host":"movie-database-imdb-alternative.p.rapidapi.com","x-rapidapi-key":"fdb84c8221mshefff87fc0709190p12a8bdjsnad63e05a4231"}}}
{"message":"MongoDB connected to mongodb://localhost:27017/vidly","level":"info"}
{"statusCode":200,"body":{"Title":"Inception","Year":"2010","Rated":"PG-13","Released":"16 Jul 2010","Runtime":"148 min","Genre":"Action, Adventure, Sci-Fi, Thriller","Director":"Christopher Nolan","Writer":"Christopher Nolan","Actors":"Leonardo DiCaprio, Joseph Gordon-Levitt, Ellen Page, Tom Hardy","Plot":"A thief who steals corporate secrets through the use of dream-sharing technology is given the inverse task of planting an idea into the mind of a C.E.O.","Language":"English, Japanese, French","Country":"USA, UK","Awards":"Won 4 Oscars. Another 152 wins & 204 nominations.","Poster":"https://m.media-amazon.com/images/M/MV5BMjAxMzY3NjcxNF5BMl5BanBnXkFtZTcwNTI5OTM0Mw@@._V1_SX300.jpg","Ratings":[{"Source":"Internet Movie Database","Value":"8.8/10"},{"Source":"Rotten Tomatoes","Value":"87%"},{"Source":"Metacritic","Value":"74/100"}],"Metascore":"74","imdbRating":"8.8","imdbVotes":"1,861,700","imdbID":"tt1375666","Type":"movie","DVD":"07 Dec 2010","BoxOffice":"$292,568,851","Production":"Warner Bros. Pictures","Website":"http://inceptionmovie.warnerbros.com/","Response":"True"},"headers":{"accept-ranges":"bytes","access-control-allow-origin":"*","age":"10114","cache-control":"public, max-age=86400","cf-cache-status":"HIT","cf-ray":"512a34ef1ec5dd83-SIN","content-type":"application/json; charset=utf-8","date":"Sat, 07 Sep 2019 16:54:49 GMT","expect-ct":"max-age=604800, report-uri=\"https://report-uri.cloudflare.com/cdn-cgi/beacon/expect-ct\"","expires":"Sun, 08 Sep 2019 16:54:49 GMT","last-modified":"Sat, 07 Sep 2019 14:06:15 GMT","server":"RapidAPI-1.0.31","set-cookie":["__cfduid=d1c34e6e1086d97cb8d2c29d97ebddf221567875289; expires=Sun, 06-Sep-20 16:54:49 GMT; path=/; domain=.omdbapi.com; HttpOnly"],"vary":"*","x-aspnet-version":"4.0.30319","x-powered-by":"ASP.NET","x-rapidapi-region":"AWS - ap-southeast-1","x-rapidapi-version":"1.0.31","x-ratelimit-requests-limit":"1000","x-ratelimit-requests-remaining":"919","content-length":"1066","connection":"Close"},"request":{"uri":{"protocol":"https:","slashes":true,"auth":null,"host":"movie-database-imdb-alternative.p.rapidapi.com","port":443,"hostname":"movie-database-imdb-alternative.p.rapidapi.com","hash":null,"search":"?i=tt1375666&r=json","query":"i=tt1375666&r=json","pathname":"/","path":"/?i=tt1375666&r=json","href":"https://movie-database-imdb-alternative.p.rapidapi.com/?i=tt1375666&r=json"},"method":"GET","headers":{"x-rapidapi-host":"movie-database-imdb-alternative.p.rapidapi.com","x-rapidapi-key":"fdb84c8221mshefff87fc0709190p12a8bdjsnad63e05a4231"}}}
{"message":"MongoDB connected to mongodb://localhost:27017/vidly","level":"info"}
{"statusCode":200,"body":{"Title":"Inception","Year":"2010","Rated":"PG-13","Released":"16 Jul 2010","Runtime":"148 min","Genre":"Action, Adventure, Sci-Fi, Thriller","Director":"Christopher Nolan","Writer":"Christopher Nolan","Actors":"Leonardo DiCaprio, Joseph Gordon-Levitt, Ellen Page, Tom Hardy","Plot":"A thief who steals corporate secrets through the use of dream-sharing technology is given the inverse task of planting an idea into the mind of a C.E.O.","Language":"English, Japanese, French","Country":"USA, UK","Awards":"Won 4 Oscars. Another 152 wins & 204 nominations.","Poster":"https://m.media-amazon.com/images/M/MV5BMjAxMzY3NjcxNF5BMl5BanBnXkFtZTcwNTI5OTM0Mw@@._V1_SX300.jpg","Ratings":[{"Source":"Internet Movie Database","Value":"8.8/10"},{"Source":"Rotten Tomatoes","Value":"87%"},{"Source":"Metacritic","Value":"74/100"}],"Metascore":"74","imdbRating":"8.8","imdbVotes":"1,861,700","imdbID":"tt1375666","Type":"movie","DVD":"07 Dec 2010","BoxOffice":"$292,568,851","Production":"Warner Bros. Pictures","Website":"http://inceptionmovie.warnerbros.com/","Response":"True"},"headers":{"accept-ranges":"bytes","access-control-allow-origin":"*","age":"10174","cache-control":"public, max-age=86400","cf-cache-status":"HIT","cf-ray":"512a3668782eddab-SIN","content-type":"application/json; charset=utf-8","date":"Sat, 07 Sep 2019 16:55:49 GMT","expect-ct":"max-age=604800, report-uri=\"https://report-uri.cloudflare.com/cdn-cgi/beacon/expect-ct\"","expires":"Sun, 08 Sep 2019 16:55:49 GMT","last-modified":"Sat, 07 Sep 2019 14:06:15 GMT","server":"RapidAPI-1.0.31","set-cookie":["__cfduid=dc4c6372f331196a43468af7c589109f71567875349; expires=Sun, 06-Sep-20 16:55:49 GMT; path=/; domain=.omdbapi.com; HttpOnly"],"vary":"*","x-aspnet-version":"4.0.30319","x-powered-by":"ASP.NET","x-rapidapi-region":"AWS - ap-southeast-1","x-rapidapi-version":"1.0.31","x-ratelimit-requests-limit":"1000","x-ratelimit-requests-remaining":"918","content-length":"1066","connection":"Close"},"request":{"uri":{"protocol":"https:","slashes":true,"auth":null,"host":"movie-database-imdb-alternative.p.rapidapi.com","port":443,"hostname":"movie-database-imdb-alternative.p.rapidapi.com","hash":null,"search":"?i=tt1375666&r=json","query":"i=tt1375666&r=json","pathname":"/","path":"/?i=tt1375666&r=json","href":"https://movie-database-imdb-alternative.p.rapidapi.com/?i=tt1375666&r=json"},"method":"GET","headers":{"x-rapidapi-host":"movie-database-imdb-alternative.p.rapidapi.com","x-rapidapi-key":"fdb84c8221mshefff87fc0709190p12a8bdjsnad63e05a4231"}}}
{"statusCode":200,"body":{"Title":"Inception","Year":"2010","Rated":"PG-13","Released":"16 Jul 2010","Runtime":"148 min","Genre":"Action, Adventure, Sci-Fi, Thriller","Director":"Christopher Nolan","Writer":"Christopher Nolan","Actors":"Leonardo DiCaprio, Joseph Gordon-Levitt, Ellen Page, Tom Hardy","Plot":"A thief who steals corporate secrets through the use of dream-sharing technology is given the inverse task of planting an idea into the mind of a C.E.O.","Language":"English, Japanese, French","Country":"USA, UK","Awards":"Won 4 Oscars. Another 152 wins & 204 nominations.","Poster":"https://m.media-amazon.com/images/M/MV5BMjAxMzY3NjcxNF5BMl5BanBnXkFtZTcwNTI5OTM0Mw@@._V1_SX300.jpg","Ratings":[{"Source":"Internet Movie Database","Value":"8.8/10"},{"Source":"Rotten Tomatoes","Value":"87%"},{"Source":"Metacritic","Value":"74/100"}],"Metascore":"74","imdbRating":"8.8","imdbVotes":"1,861,700","imdbID":"tt1375666","Type":"movie","DVD":"07 Dec 2010","BoxOffice":"$292,568,851","Production":"Warner Bros. Pictures","Website":"http://inceptionmovie.warnerbros.com/","Response":"True"},"headers":{"accept-ranges":"bytes","access-control-allow-origin":"*","age":"10177","cache-control":"public, max-age=86400","cf-cache-status":"HIT","cf-ray":"512a367b5b24a916-SIN","content-type":"application/json; charset=utf-8","date":"Sat, 07 Sep 2019 16:55:52 GMT","expect-ct":"max-age=604800, report-uri=\"https://report-uri.cloudflare.com/cdn-cgi/beacon/expect-ct\"","expires":"Sun, 08 Sep 2019 16:55:52 GMT","last-modified":"Sat, 07 Sep 2019 14:06:15 GMT","server":"RapidAPI-1.0.31","set-cookie":["__cfduid=d21b8d40d008ad0eb0df794df5a18aca71567875352; expires=Sun, 06-Sep-20 16:55:52 GMT; path=/; domain=.omdbapi.com; HttpOnly"],"vary":"*","x-aspnet-version":"4.0.30319","x-powered-by":"ASP.NET","x-rapidapi-region":"AWS - ap-southeast-1","x-rapidapi-version":"1.0.31","x-ratelimit-requests-limit":"1000","x-ratelimit-requests-remaining":"917","content-length":"1066","connection":"Close"},"request":{"uri":{"protocol":"https:","slashes":true,"auth":null,"host":"movie-database-imdb-alternative.p.rapidapi.com","port":443,"hostname":"movie-database-imdb-alternative.p.rapidapi.com","hash":null,"search":"?i=tt1375666&r=json","query":"i=tt1375666&r=json","pathname":"/","path":"/?i=tt1375666&r=json","href":"https://movie-database-imdb-alternative.p.rapidapi.com/?i=tt1375666&r=json"},"method":"GET","headers":{"x-rapidapi-host":"movie-database-imdb-alternative.p.rapidapi.com","x-rapidapi-key":"fdb84c8221mshefff87fc0709190p12a8bdjsnad63e05a4231"}}}
{"message":"MongoDB connected to mongodb://localhost:27017/vidly","level":"info"}
{"statusCode":200,"body":{"Title":"Inception","Year":"2010","Rated":"PG-13","Released":"16 Jul 2010","Runtime":"148 min","Genre":"Action, Adventure, Sci-Fi, Thriller","Director":"Christopher Nolan","Writer":"Christopher Nolan","Actors":"Leonardo DiCaprio, Joseph Gordon-Levitt, Ellen Page, Tom Hardy","Plot":"A thief who steals corporate secrets through the use of dream-sharing technology is given the inverse task of planting an idea into the mind of a C.E.O.","Language":"English, Japanese, French","Country":"USA, UK","Awards":"Won 4 Oscars. Another 152 wins & 204 nominations.","Poster":"https://m.media-amazon.com/images/M/MV5BMjAxMzY3NjcxNF5BMl5BanBnXkFtZTcwNTI5OTM0Mw@@._V1_SX300.jpg","Ratings":[{"Source":"Internet Movie Database","Value":"8.8/10"},{"Source":"Rotten Tomatoes","Value":"87%"},{"Source":"Metacritic","Value":"74/100"}],"Metascore":"74","imdbRating":"8.8","imdbVotes":"1,861,700","imdbID":"tt1375666","Type":"movie","DVD":"07 Dec 2010","BoxOffice":"$292,568,851","Production":"Warner Bros. Pictures","Website":"http://inceptionmovie.warnerbros.com/","Response":"True"},"headers":{"accept-ranges":"bytes","access-control-allow-origin":"*","age":"10207","cache-control":"public, max-age=86400","cf-cache-status":"HIT","cf-ray":"512a3733ad08aa60-SIN","content-type":"application/json; charset=utf-8","date":"Sat, 07 Sep 2019 16:56:22 GMT","expect-ct":"max-age=604800, report-uri=\"https://report-uri.cloudflare.com/cdn-cgi/beacon/expect-ct\"","expires":"Sun, 08 Sep 2019 16:56:22 GMT","last-modified":"Sat, 07 Sep 2019 14:06:15 GMT","server":"RapidAPI-1.0.31","set-cookie":["__cfduid=d1909826ef9b75b31823bbe533a3e9cfc1567875382; expires=Sun, 06-Sep-20 16:56:22 GMT; path=/; domain=.omdbapi.com; HttpOnly"],"vary":"*","x-aspnet-version":"4.0.30319","x-powered-by":"ASP.NET","x-rapidapi-region":"AWS - ap-southeast-1","x-rapidapi-version":"1.0.31","x-ratelimit-requests-limit":"1000","x-ratelimit-requests-remaining":"916","content-length":"1066","connection":"Close"},"request":{"uri":{"protocol":"https:","slashes":true,"auth":null,"host":"movie-database-imdb-alternative.p.rapidapi.com","port":443,"hostname":"movie-database-imdb-alternative.p.rapidapi.com","hash":null,"search":"?i=tt1375666&r=json","query":"i=tt1375666&r=json","pathname":"/","path":"/?i=tt1375666&r=json","href":"https://movie-database-imdb-alternative.p.rapidapi.com/?i=tt1375666&r=json"},"method":"GET","headers":{"x-rapidapi-host":"movie-database-imdb-alternative.p.rapidapi.com","x-rapidapi-key":"fdb84c8221mshefff87fc0709190p12a8bdjsnad63e05a4231"}}}
{"message":"MongoDB connected to mongodb://localhost:27017/vidly","level":"info"}
{"message":"MongoDB connected to mongodb://localhost:27017/vidly","level":"info"}
{"level":"error","message":"Cannot read property 'imdbRating' of undefinedCannot read property 'imdbRating' of undefined","stack":"TypeError: Cannot read property 'imdbRating' of undefined\n    at router.post (F:\\Programming\\Javascript\\mongo-demo\\routes\\movies.js:72:28)\n    at process._tickCallback (internal/process/next_tick.js:68:7)"}
{"message":"MongoDB connected to mongodb://localhost:27017/vidly","level":"info"}
{"message":"MongoDB connected to mongodb://localhost:27017/vidly","level":"info"}
{"message":"MongoDB connected to mongodb://localhost:27017/vidly","level":"info"}
{"message":"MongoDB connected to mongodb://localhost:27017/vidly","level":"info"}
{"message":"MongoDB connected to mongodb://localhost:27017/vidly","level":"info"}
{"message":"MongoDB connected to mongodb://localhost:27017/vidly","level":"info"}
{"message":"MongoDB connected to mongodb://localhost:27017/vidly","level":"info"}
{"message":"MongoDB connected to mongodb://localhost:27017/vidly","level":"info"}
{"message":"MongoDB connected to mongodb://localhost:27017/vidly","level":"info"}
{"message":"MongoDB connected to mongodb://localhost:27017/vidly","level":"info"}
{"message":"MongoDB connected to mongodb://localhost:27017/vidly","level":"info"}
{"message":"MongoDB connected to mongodb://localhost:27017/vidly","level":"info"}
{"message":"MongoDB connected to mongodb://localhost:27017/vidly","level":"info"}
{"message":"MongoDB connected to mongodb://localhost:27017/vidly","level":"info"}
{"message":"MongoDB connected to mongodb://localhost:27017/vidly","level":"info"}
{"message":"MongoDB connected to mongodb://localhost:27017/vidly","level":"info"}
{"message":"MongoDB connected to mongodb://localhost:27017/vidly","level":"info"}
{"message":"MongoDB connected to mongodb://localhost:27017/vidly","level":"info"}
{"message":"MongoDB connected to mongodb://localhost:27017/vidly","level":"info"}
{"message":"MongoDB connected to mongodb://localhost:27017/vidly","level":"info"}
{"message":"MongoDB connected to mongodb://localhost:27017/vidly","level":"info"}
{"message":"MongoDB connected to mongodb://localhost:27017/vidly","level":"info"}
{"code":"EAUTH","command":"API","level":"error","message":"Missing credentials for \"PLAIN\"Missing credentials for \"PLAIN\"","stack":"Error: Missing credentials for \"PLAIN\"\n    at SMTPConnection._formatError (F:\\Programming\\Javascript\\mongo-demo\\node_modules\\nodemailer\\lib\\smtp-connection\\index.js:781:19)\n    at SMTPConnection.login (F:\\Programming\\Javascript\\mongo-demo\\node_modules\\nodemailer\\lib\\smtp-connection\\index.js:452:38)\n    at connection.connect (F:\\Programming\\Javascript\\mongo-demo\\node_modules\\nodemailer\\lib\\smtp-transport\\index.js:271:32)\n    at SMTPConnection.once (F:\\Programming\\Javascript\\mongo-demo\\node_modules\\nodemailer\\lib\\smtp-connection\\index.js:209:17)\n    at Object.onceWrapper (events.js:286:20)\n    at SMTPConnection.emit (events.js:198:13)\n    at SMTPConnection._actionEHLO (F:\\Programming\\Javascript\\mongo-demo\\node_modules\\nodemailer\\lib\\smtp-connection\\index.js:1309:14)\n    at SMTPConnection._processResponse (F:\\Programming\\Javascript\\mongo-demo\\node_modules\\nodemailer\\lib\\smtp-connection\\index.js:940:20)\n    at SMTPConnection._onData (F:\\Programming\\Javascript\\mongo-demo\\node_modules\\nodemailer\\lib\\smtp-connection\\index.js:746:14)\n    at TLSSocket.SMTPConnection._onSocketData (F:\\Programming\\Javascript\\mongo-demo\\node_modules\\nodemailer\\lib\\smtp-connection\\index.js:189:46)\n    at TLSSocket.emit (events.js:198:13)\n    at addChunk (_stream_readable.js:288:12)\n    at readableAddChunk (_stream_readable.js:269:11)\n    at TLSSocket.Readable.push (_stream_readable.js:224:10)\n    at TLSWrap.onStreamRead [as onread] (internal/stream_base_commons.js:94:17)"}
{"message":"MongoDB connected to mongodb://localhost:27017/vidly","level":"info"}
{"message":"MongoDB connected to mongodb://localhost:27017/vidly","level":"info"}
{"message":"MongoDB connected to mongodb://localhost:27017/vidly","level":"info"}
{"code":"EPROTOCOL","response":"* OK Ethereal Email IMAP Server ready for requests from 42.117.154.198 3dlv5o74zl7xd2ak","command":"CONN","level":"error","message":"Invalid greeting. response=* OK Ethereal Email IMAP Server ready for requests from 42.117.154.198 3dlv5o74zl7xd2ak: * OK Ethereal Email IMAP Server ready for requests from 42.117.154.198 3dlv5o74zl7xd2akInvalid greeting. response=* OK Ethereal Email IMAP Server ready for requests from 42.117.154.198 3dlv5o74zl7xd2ak: * OK Ethereal Email IMAP Server ready for requests from 42.117.154.198 3dlv5o74zl7xd2ak","stack":"Error: Invalid greeting. response=* OK Ethereal Email IMAP Server ready for requests from 42.117.154.198 3dlv5o74zl7xd2ak: * OK Ethereal Email IMAP Server ready for requests from 42.117.154.198 3dlv5o74zl7xd2ak\n    at SMTPConnection._actionGreeting (F:\\Programming\\Javascript\\mongo-demo\\node_modules\\nodemailer\\lib\\smtp-connection\\index.js:1200:27)\n    at SMTPConnection._processResponse (F:\\Programming\\Javascript\\mongo-demo\\node_modules\\nodemailer\\lib\\smtp-connection\\index.js:940:20)\n    at SMTPConnection._onData (F:\\Programming\\Javascript\\mongo-demo\\node_modules\\nodemailer\\lib\\smtp-connection\\index.js:746:14)\n    at TLSSocket.SMTPConnection._onSocketData (F:\\Programming\\Javascript\\mongo-demo\\node_modules\\nodemailer\\lib\\smtp-connection\\index.js:189:46)\n    at TLSSocket.emit (events.js:198:13)\n    at addChunk (_stream_readable.js:288:12)\n    at readableAddChunk (_stream_readable.js:269:11)\n    at TLSSocket.Readable.push (_stream_readable.js:224:10)\n    at TLSWrap.onStreamRead [as onread] (internal/stream_base_commons.js:94:17)"}
{"message":"MongoDB connected to mongodb://localhost:27017/vidly","level":"info"}
{"message":"MongoDB connected to mongodb://localhost:27017/vidly","level":"info"}
{"message":"MongoDB connected to mongodb://localhost:27017/vidly","level":"info"}
{"message":"MongoDB connected to mongodb://localhost:27017/vidly","level":"info"}
{"message":"MongoDB connected to mongodb://localhost:27017/vidly","level":"info"}
{"message":"MongoDB connected to mongodb://localhost:27017/vidly","level":"info"}
{"message":"MongoDB connected to mongodb://localhost:27017/vidly","level":"info"}
{"message":"MongoDB connected to mongodb://localhost:27017/vidly","level":"info"}
{"message":"MongoDB connected to mongodb://localhost:27017/vidly","level":"info"}
{"message":"MongoDB connected to mongodb://localhost:27017/vidly","level":"info"}
{"message":"MongoDB connected to mongodb://localhost:27017/vidly","level":"info"}
{"message":"MongoDB connected to mongodb://localhost:27017/vidly","level":"info"}
{"message":"MongoDB connected to mongodb://localhost:27017/vidly","level":"info"}
{"message":"MongoDB connected to mongodb://localhost:27017/vidly","level":"info"}
{"message":"MongoDB connected to mongodb://localhost:27017/vidly","level":"info"}
{"message":"MongoDB connected to mongodb://localhost:27017/vidly","level":"info"}
{"message":"MongoDB connected to mongodb://localhost:27017/vidly","level":"info"}
{"message":"MongoDB connected to mongodb://localhost:27017/vidly","level":"info"}
{"message":"MongoDB connected to mongodb://localhost:27017/vidly","level":"info"}
{"message":"MongoDB connected to mongodb://localhost:27017/vidly","level":"info"}
{"message":"MongoDB connected to mongodb://localhost:27017/vidly","level":"info"}
{"level":"error","message":"user.save is not a functionuser.save is not a function","stack":"TypeError: user.save is not a function\n    at router.get (F:\\Programming\\Javascript\\mongo-demo\\routes\\users.js:56:20)\n    at process._tickCallback (internal/process/next_tick.js:68:7)"}
{"message":"MongoDB connected to mongodb://localhost:27017/vidly","level":"info"}
{"level":"error","message":"Cannot set headers after they are sent to the clientCannot set headers after they are sent to the client","stack":"Error [ERR_HTTP_HEADERS_SENT]: Cannot set headers after they are sent to the client\n    at ServerResponse.setHeader (_http_outgoing.js:470:11)\n    at ServerResponse.header (F:\\Programming\\Javascript\\mongo-demo\\node_modules\\express\\lib\\response.js:771:10)\n    at ServerResponse.send (F:\\Programming\\Javascript\\mongo-demo\\node_modules\\express\\lib\\response.js:170:12)\n    at router.post (F:\\Programming\\Javascript\\mongo-demo\\routes\\auths.js:29:7)"}
{"level":"error","message":"Cannot set property 'verified' of nullCannot set property 'verified' of null","stack":"TypeError: Cannot set property 'verified' of null\n    at router.get (F:\\Programming\\Javascript\\mongo-demo\\routes\\users.js:55:23)\n    at process._tickCallback (internal/process/next_tick.js:68:7)"}
{"message":"MongoDB connected to mongodb://localhost:27017/vidly","level":"info"}
{"level":"error","message":"Cannot set property 'verified' of nullCannot set property 'verified' of null","stack":"TypeError: Cannot set property 'verified' of null\n    at router.get (F:\\Programming\\Javascript\\mongo-demo\\routes\\users.js:53:23)\n    at process._tickCallback (internal/process/next_tick.js:68:7)"}
{"level":"error","message":"Cannot set property 'verified' of nullCannot set property 'verified' of null","stack":"TypeError: Cannot set property 'verified' of null\n    at router.get (F:\\Programming\\Javascript\\mongo-demo\\routes\\users.js:53:23)\n    at process._tickCallback (internal/process/next_tick.js:68:7)"}
{"message":"MongoDB connected to mongodb://localhost:27017/vidly","level":"info"}
{"message":"MongoDB connected to mongodb://localhost:27017/vidly","level":"info"}
{"message":"MongoDB connected to mongodb://localhost:27017/vidly","level":"info"}
{"message":"MongoDB connected to mongodb://localhost:27017/vidly","level":"info"}
{"message":"MongoDB connected to mongodb://localhost:27017/vidly","level":"info"}
{"level":"error","message":"crypto is not definedcrypto is not defined","stack":"ReferenceError: crypto is not defined\n    at Function.userSchema.statics.sendVerify (F:\\Programming\\Javascript\\mongo-demo\\models\\user.js:51:22)\n    at router.post (F:\\Programming\\Javascript\\mongo-demo\\routes\\users.js:55:15)\n    at process._tickCallback (internal/process/next_tick.js:68:7)"}
{"message":"MongoDB connected to mongodb://localhost:27017/vidly","level":"info"}
{"level":"error","message":"crypto is not definedcrypto is not defined","stack":"ReferenceError: crypto is not defined\n    at Function.userSchema.statics.sendVerify (F:\\Programming\\Javascript\\mongo-demo\\models\\user.js:52:22)\n    at router.post (F:\\Programming\\Javascript\\mongo-demo\\routes\\users.js:55:15)\n    at process._tickCallback (internal/process/next_tick.js:68:7)"}
{"message":"MongoDB connected to mongodb://localhost:27017/vidly","level":"info"}
{"level":"error","message":"Cannot set headers after they are sent to the clientCannot set headers after they are sent to the client","stack":"Error [ERR_HTTP_HEADERS_SENT]: Cannot set headers after they are sent to the client\n    at ServerResponse.setHeader (_http_outgoing.js:470:11)\n    at ServerResponse.header (F:\\Programming\\Javascript\\mongo-demo\\node_modules\\express\\lib\\response.js:771:10)\n    at ServerResponse.send (F:\\Programming\\Javascript\\mongo-demo\\node_modules\\express\\lib\\response.js:170:12)\n    at router.post (F:\\Programming\\Javascript\\mongo-demo\\routes\\auths.js:29:7)"}
{"level":"error","message":"Cannot read property 'password' of nullCannot read property 'password' of null","stack":"TypeError: Cannot read property 'password' of null\n    at router.post (F:\\Programming\\Javascript\\mongo-demo\\routes\\auths.js:19:63)\n    at process._tickCallback (internal/process/next_tick.js:68:7)"}
{"message":"MongoDB connected to mongodb://localhost:27017/vidly","level":"info"}
{"message":"MongoDB connected to mongodb://localhost:27017/vidly","level":"info"}
{"message":"MongoDB connected to mongodb://localhost:27017/vidly","level":"info"}
{"message":"MongoDB connected to mongodb://localhost:27017/vidly","level":"info"}
{"message":"MongoDB connected to mongodb://localhost:27017/vidly","level":"info"}
{"message":"MongoDB connected to mongodb://localhost:27017/vidly","level":"info"}
{"message":"MongoDB connected to mongodb://localhost:27017/vidly","level":"info"}
{"message":"MongoDB connected to mongodb://localhost:27017/vidly","level":"info"}
